<?xml version="1.0" encoding="UTF-8"?>
<testsuite name="com.bridgelabz.UserRegistrationTest" tests="1" skipped="0" failures="0" errors="0" timestamp="2022-04-05T11:25:37" hostname="LAPTOP-GA13F7OP" time="0.026">
  <properties/>
  <testcase name="testingFirstName()" classname="com.bridgelabz.UserRegistrationTest" time="0.026"/>
  <system-out><![CDATA[]]></system-out>
  <system-err><![CDATA[]]></system-err>
</testsuite>
